{"level":"error","message":"Error al conectar con la API de Exel del Norte: responseDto.ProductosResponseDto is not a constructor","timestamp":"2026-06-14 15:25:56"}
{"level":"error","message":"500 - No se pudo obtener el catálogo de productos externo. - /api/productos/sync - POST - ::1","timestamp":"2026-06-14 15:25:56"}
{"level":"error","message":"Error al obtener las subcategorias de Exel del Norte: responseDto.subcategoria is not a constructor","timestamp":"2026-06-14 17:41:22"}
{"level":"error","message":"500 - No se pudo obtener el catálogo de subcategorias externo - /api/productos/sync-subcategorias - POST - ::1","timestamp":"2026-06-14 17:41:22"}
{"level":"error","message":"❌ Error en Redis: Socket closed unexpectedly","timestamp":"2026-06-14 18:53:06"}
{"level":"error","message":"❌ Error en Redis: Socket closed unexpectedly","timestamp":"2026-06-14 18:53:06"}
{"level":"warn","message":"Redis no está disponible, operando sin caché","timestamp":"2026-06-14 18:53:12"}
{"level":"warn","message":"Redis no disponible, se omite caché para la consulta","timestamp":"2026-06-14 18:53:12"}
{"level":"warn","message":"Redis no está disponible, operando sin caché","timestamp":"2026-06-14 18:53:17"}
{"level":"warn","message":"Redis no disponible, productos no guardados en redis","timestamp":"2026-06-14 18:53:17"}
{"level":"warn","message":"Redis no está disponible, operando sin caché","timestamp":"2026-06-14 18:53:17"}
{"level":"warn","message":"Redis no disponible, no se guardó precio_existencia","timestamp":"2026-06-14 18:53:17"}
{"level":"error","message":"❌ Error en Redis: ","timestamp":"2026-06-14 18:54:25"}
{"level":"error","message":"❌ Error en Redis: ","timestamp":"2026-06-14 18:54:25"}
{"level":"error","message":"❌ Error en Redis: ","timestamp":"2026-06-14 18:54:25"}
{"level":"error","message":"❌ Error en Redis: ","timestamp":"2026-06-14 18:54:26"}
{"level":"error","message":"❌ Error en Redis: ","timestamp":"2026-06-14 18:54:26"}
{"level":"error","message":"❌ Error en Redis: ","timestamp":"2026-06-14 18:54:27"}
{"level":"error","message":"❌ Error en Redis: ","timestamp":"2026-06-14 18:54:29"}
{"level":"error","message":"❌ Error en Redis: ","timestamp":"2026-06-14 18:54:31"}
{"level":"error","message":"❌ Error en Redis: ","timestamp":"2026-06-14 18:54:33"}
{"level":"error","message":"❌ Error en Redis: ","timestamp":"2026-06-14 18:54:35"}
{"level":"error","message":"❌ Error en Redis: ","timestamp":"2026-06-14 18:54:37"}
{"level":"error","message":"❌ Error en Redis: ","timestamp":"2026-06-14 18:54:39"}
{"level":"error","message":"❌ Error en Redis: ","timestamp":"2026-06-14 18:54:41"}
{"level":"error","message":"❌ Error en Redis: ","timestamp":"2026-06-14 18:54:44"}
{"level":"error","message":"❌ Error en Redis: ","timestamp":"2026-06-14 18:54:46"}
{"level":"error","message":"❌ Error en Redis: ","timestamp":"2026-06-14 18:54:48"}
{"level":"error","message":"❌ Error en Redis: ","timestamp":"2026-06-14 18:54:50"}
{"level":"error","message":"❌ Error en Redis: ","timestamp":"2026-06-14 18:54:52"}
{"level":"error","message":"❌ Error en Redis: ","timestamp":"2026-06-14 18:54:54"}
{"level":"error","message":"❌ Error en Redis: ","timestamp":"2026-06-14 18:54:56"}
{"level":"error","message":"❌ Error en Redis: ","timestamp":"2026-06-14 18:54:58"}
{"level":"error","message":"❌ Error en Redis: ","timestamp":"2026-06-14 18:55:01"}
{"level":"error","message":"❌ Error en Redis: ","timestamp":"2026-06-14 18:55:03"}
{"level":"error","message":"❌ Error en Redis: ","timestamp":"2026-06-14 18:55:05"}
{"level":"error","message":"❌ Error en Redis: ","timestamp":"2026-06-14 18:55:07"}
{"level":"error","message":"❌ Error en Redis: ","timestamp":"2026-06-14 18:55:09"}
{"level":"error","message":"❌ Error en Redis: ","timestamp":"2026-06-14 18:55:11"}
{"level":"error","message":"❌ Error en Redis: ","timestamp":"2026-06-14 18:55:13"}
{"level":"error","message":"❌ Error en Redis: ","timestamp":"2026-06-14 18:55:15"}
{"level":"error","message":"❌ Error en Redis: ","timestamp":"2026-06-14 18:55:17"}
{"level":"error","message":"❌ Error en Redis: ","timestamp":"2026-06-14 18:55:20"}
{"level":"error","message":"❌ Error en Redis: ","timestamp":"2026-06-14 18:55:22"}
{"level":"error","message":"❌ Error en Redis: ","timestamp":"2026-06-14 18:55:24"}
{"level":"error","message":"❌ Error en Redis: ","timestamp":"2026-06-14 18:55:26"}
{"level":"error","message":"❌ Error en Redis: Socket closed unexpectedly","timestamp":"2026-06-14 18:56:34"}
{"level":"error","message":"❌ Error en Redis: Socket closed unexpectedly","timestamp":"2026-06-14 18:56:34"}
{"level":"warn","message":"Redis no está disponible, operando sin caché","timestamp":"2026-06-14 18:56:43"}
{"level":"warn","message":"Redis no disponible, no se pudo leer categoria","timestamp":"2026-06-14 18:56:43"}
{"level":"warn","message":"Redis no está disponible, operando sin caché","timestamp":"2026-06-14 18:57:43"}
{"level":"warn","message":"Redis no disponible, no se pudo leer categoria","timestamp":"2026-06-14 18:57:43"}
