[2026-05-12 12:45:36.252 -06:00 INF] 🚀 CRM API iniciada correctamente {"SourceContext":"back_cabs"}
[2026-05-12 12:45:36.389 -06:00 WRN] The WebRootPath was not found: C:\Users\D\Documents\CABS\Proyectos\Back_SitioWeb\login_service\wwwroot. Static files may be unavailable. {"EventId":{"Id":16,"Name":"WebRootPathNotFound"},"SourceContext":"Microsoft.AspNetCore.StaticFiles.StaticFileMiddleware"}
[2026-05-12 12:45:36.419 -06:00 INF] Now listening on: http://localhost:5000 {"EventId":{"Id":14,"Name":"ListeningOnAddress"},"SourceContext":"Microsoft.Hosting.Lifetime"}
[2026-05-12 12:45:36.424 -06:00 INF] Application started. Press Ctrl+C to shut down. {"SourceContext":"Microsoft.Hosting.Lifetime"}
[2026-05-12 12:45:36.427 -06:00 INF] Hosting environment: Production {"SourceContext":"Microsoft.Hosting.Lifetime"}
[2026-05-12 12:45:36.429 -06:00 INF] Content root path: C:\Users\D\Documents\CABS\Proyectos\Back_SitioWeb\login_service {"SourceContext":"Microsoft.Hosting.Lifetime"}
[2026-05-12 12:46:00.545 -06:00 INF] ⏱️ Request: GET /swagger/index.html from ::1 {"SourceContext":"back_cabs.CRM.Middleware.MiddlewareManejoErrores","RequestId":"0HNLGAQR4IOIS:00000001","RequestPath":"/swagger/index.html","ConnectionId":"0HNLGAQR4IOIS"}
[2026-05-12 12:46:00.671 -06:00 ERR] JWT Authentication failed: IDX10223: Lifetime validation failed. The token is expired. ValidTo (UTC): '26/04/2026 12:58:24 a. m.', Current time (UTC): '12/05/2026 06:46:00 p. m.'. {"SourceContext":"Microsoft.AspNetCore.Authentication.JwtBearer.JwtBearerEvents","RequestId":"0HNLGAQR4IOIS:00000001","RequestPath":"/swagger/index.html","ConnectionId":"0HNLGAQR4IOIS"}
[2026-05-12 12:46:00.680 -06:00 ERR] JWT Exception details: Microsoft.IdentityModel.Tokens.SecurityTokenExpiredException: IDX10223: Lifetime validation failed. The token is expired. ValidTo (UTC): '26/04/2026 12:58:24 a. m.', Current time (UTC): '12/05/2026 06:46:00 p. m.'.
   at Microsoft.IdentityModel.Tokens.ValidatorUtilities.ValidateLifetime(Nullable`1 notBefore, Nullable`1 expires, SecurityToken securityToken, TokenValidationParameters validationParameters)
   at Microsoft.IdentityModel.Tokens.Validators.ValidateLifetime(Nullable`1 notBefore, Nullable`1 expires, SecurityToken securityToken, TokenValidationParameters validationParameters)
   at Microsoft.IdentityModel.JsonWebTokens.JsonWebTokenHandler.ValidateTokenPayloadAsync(JsonWebToken jsonWebToken, TokenValidationParameters validationParameters, BaseConfiguration configuration)
   at Microsoft.IdentityModel.JsonWebTokens.JsonWebTokenHandler.ValidateJWSAsync(JsonWebToken jsonWebToken, TokenValidationParameters validationParameters, BaseConfiguration configuration) {"SourceContext":"Microsoft.AspNetCore.Authentication.JwtBearer.JwtBearerEvents","RequestId":"0HNLGAQR4IOIS:00000001","RequestPath":"/swagger/index.html","ConnectionId":"0HNLGAQR4IOIS"}
[2026-05-12 12:46:00.688 -06:00 INF] ✅ Response: 404 for GET /swagger/index.html - Duration: 148ms {"SourceContext":"back_cabs.CRM.Middleware.MiddlewareManejoErrores","RequestId":"0HNLGAQR4IOIS:00000001","RequestPath":"/swagger/index.html","ConnectionId":"0HNLGAQR4IOIS"}
[2026-05-12 12:46:36.948 -06:00 INF] ⏱️ Request: GET / from ::1 {"SourceContext":"back_cabs.CRM.Middleware.MiddlewareManejoErrores","RequestId":"0HNLGAQR4IOIS:00000002","RequestPath":"/","ConnectionId":"0HNLGAQR4IOIS"}
[2026-05-12 12:46:36.960 -06:00 ERR] JWT Authentication failed: IDX10223: Lifetime validation failed. The token is expired. ValidTo (UTC): '26/04/2026 12:58:24 a. m.', Current time (UTC): '12/05/2026 06:46:36 p. m.'. {"SourceContext":"Microsoft.AspNetCore.Authentication.JwtBearer.JwtBearerEvents","RequestId":"0HNLGAQR4IOIS:00000002","RequestPath":"/","ConnectionId":"0HNLGAQR4IOIS"}
[2026-05-12 12:46:36.965 -06:00 ERR] JWT Exception details: Microsoft.IdentityModel.Tokens.SecurityTokenExpiredException: IDX10223: Lifetime validation failed. The token is expired. ValidTo (UTC): '26/04/2026 12:58:24 a. m.', Current time (UTC): '12/05/2026 06:46:36 p. m.'.
   at Microsoft.IdentityModel.Tokens.ValidatorUtilities.ValidateLifetime(Nullable`1 notBefore, Nullable`1 expires, SecurityToken securityToken, TokenValidationParameters validationParameters)
   at Microsoft.IdentityModel.Tokens.Validators.ValidateLifetime(Nullable`1 notBefore, Nullable`1 expires, SecurityToken securityToken, TokenValidationParameters validationParameters)
   at Microsoft.IdentityModel.JsonWebTokens.JsonWebTokenHandler.ValidateTokenPayloadAsync(JsonWebToken jsonWebToken, TokenValidationParameters validationParameters, BaseConfiguration configuration)
   at Microsoft.IdentityModel.JsonWebTokens.JsonWebTokenHandler.ValidateJWSAsync(JsonWebToken jsonWebToken, TokenValidationParameters validationParameters, BaseConfiguration configuration) {"SourceContext":"Microsoft.AspNetCore.Authentication.JwtBearer.JwtBearerEvents","RequestId":"0HNLGAQR4IOIS:00000002","RequestPath":"/","ConnectionId":"0HNLGAQR4IOIS"}
[2026-05-12 12:46:36.975 -06:00 INF] ✅ Response: 404 for GET / - Duration: 27ms {"SourceContext":"back_cabs.CRM.Middleware.MiddlewareManejoErrores","RequestId":"0HNLGAQR4IOIS:00000002","RequestPath":"/","ConnectionId":"0HNLGAQR4IOIS"}
[2026-05-12 12:47:36.613 -06:00 INF] ⏱️ Request: POST /api/auth/login from 127.0.0.1 {"SourceContext":"back_cabs.CRM.Middleware.MiddlewareManejoErrores","RequestId":"0HNLGAQR4IOIU:00000001","RequestPath":"/api/auth/login","ConnectionId":"0HNLGAQR4IOIU"}
[2026-05-12 12:47:36.622 -06:00 WRN] No JWT token received in Authorization header or AuthToken cookie {"SourceContext":"Microsoft.AspNetCore.Authentication.JwtBearer.JwtBearerEvents","RequestId":"0HNLGAQR4IOIU:00000001","RequestPath":"/api/auth/login","ConnectionId":"0HNLGAQR4IOIU"}
[2026-05-12 12:47:37.378 -06:00 INF] Servicio JWT inicializado correctamente {"SourceContext":"back_cabs.services.ServicioJwt","ActionId":"6cc49dd6-8f4c-4f13-8dfb-adb0f9bac89f","ActionName":"back_cabs.CRM.controllers.Auth.AuthController.Login (back_cabs)","RequestId":"0HNLGAQR4IOIU:00000001","RequestPath":"/api/auth/login","ConnectionId":"0HNLGAQR4IOIU"}
[2026-05-12 12:47:37.429 -06:00 INF] Validando credenciales para usuario: userTesting1@example.com {"SourceContext":"back_cabs.CRM.services.Auth.UsuarioAuthService","ActionId":"6cc49dd6-8f4c-4f13-8dfb-adb0f9bac89f","ActionName":"back_cabs.CRM.controllers.Auth.AuthController.Login (back_cabs)","RequestId":"0HNLGAQR4IOIU:00000001","RequestPath":"/api/auth/login","ConnectionId":"0HNLGAQR4IOIU"}
[2026-05-12 12:47:37.436 -06:00 INF] Validando credenciales para usuario: userTesting1@example.com {"SourceContext":"back_cabs.CRM.repositories.Auth.UsuarioAuthRepository","ActionId":"6cc49dd6-8f4c-4f13-8dfb-adb0f9bac89f","ActionName":"back_cabs.CRM.controllers.Auth.AuthController.Login (back_cabs)","RequestId":"0HNLGAQR4IOIU:00000001","RequestPath":"/api/auth/login","ConnectionId":"0HNLGAQR4IOIU"}
[2026-05-12 12:47:38.150 -06:00 INF] Credenciales válidas para usuario: userTesting1@example.com {"SourceContext":"back_cabs.CRM.repositories.Auth.UsuarioAuthRepository","ActionId":"6cc49dd6-8f4c-4f13-8dfb-adb0f9bac89f","ActionName":"back_cabs.CRM.controllers.Auth.AuthController.Login (back_cabs)","RequestId":"0HNLGAQR4IOIU:00000001","RequestPath":"/api/auth/login","ConnectionId":"0HNLGAQR4IOIU"}
[2026-05-12 12:47:38.161 -06:00 INF] Credenciales válidas para usuario: userTesting1@example.com {"SourceContext":"back_cabs.CRM.services.Auth.UsuarioAuthService","ActionId":"6cc49dd6-8f4c-4f13-8dfb-adb0f9bac89f","ActionName":"back_cabs.CRM.controllers.Auth.AuthController.Login (back_cabs)","RequestId":"0HNLGAQR4IOIU:00000001","RequestPath":"/api/auth/login","ConnectionId":"0HNLGAQR4IOIU"}
[2026-05-12 12:47:38.176 -06:00 INF] Usuario usertesting1@example.com inició sesión exitosamente {"SourceContext":"back_cabs.CRM.controllers.Auth.AuthController","ActionId":"6cc49dd6-8f4c-4f13-8dfb-adb0f9bac89f","ActionName":"back_cabs.CRM.controllers.Auth.AuthController.Login (back_cabs)","RequestId":"0HNLGAQR4IOIU:00000001","RequestPath":"/api/auth/login","ConnectionId":"0HNLGAQR4IOIU"}
[2026-05-12 12:47:38.213 -06:00 WRN] 🐢 Response: 200 for POST /api/auth/login - Duration: 1601ms {"SourceContext":"back_cabs.CRM.Middleware.MiddlewareManejoErrores","RequestId":"0HNLGAQR4IOIU:00000001","RequestPath":"/api/auth/login","ConnectionId":"0HNLGAQR4IOIU"}
[2026-05-12 12:47:46.281 -06:00 INF] ⏱️ Request: GET / from ::1 {"SourceContext":"back_cabs.CRM.Middleware.MiddlewareManejoErrores","RequestId":"0HNLGAQR4IOIS:00000003","RequestPath":"/","ConnectionId":"0HNLGAQR4IOIS"}
[2026-05-12 12:47:46.288 -06:00 ERR] JWT Authentication failed: IDX10223: Lifetime validation failed. The token is expired. ValidTo (UTC): '26/04/2026 12:58:24 a. m.', Current time (UTC): '12/05/2026 06:47:46 p. m.'. {"SourceContext":"Microsoft.AspNetCore.Authentication.JwtBearer.JwtBearerEvents","RequestId":"0HNLGAQR4IOIS:00000003","RequestPath":"/","ConnectionId":"0HNLGAQR4IOIS"}
[2026-05-12 12:47:46.296 -06:00 ERR] JWT Exception details: Microsoft.IdentityModel.Tokens.SecurityTokenExpiredException: IDX10223: Lifetime validation failed. The token is expired. ValidTo (UTC): '26/04/2026 12:58:24 a. m.', Current time (UTC): '12/05/2026 06:47:46 p. m.'.
   at Microsoft.IdentityModel.Tokens.ValidatorUtilities.ValidateLifetime(Nullable`1 notBefore, Nullable`1 expires, SecurityToken securityToken, TokenValidationParameters validationParameters)
   at Microsoft.IdentityModel.Tokens.Validators.ValidateLifetime(Nullable`1 notBefore, Nullable`1 expires, SecurityToken securityToken, TokenValidationParameters validationParameters)
   at Microsoft.IdentityModel.JsonWebTokens.JsonWebTokenHandler.ValidateTokenPayloadAsync(JsonWebToken jsonWebToken, TokenValidationParameters validationParameters, BaseConfiguration configuration)
   at Microsoft.IdentityModel.JsonWebTokens.JsonWebTokenHandler.ValidateJWSAsync(JsonWebToken jsonWebToken, TokenValidationParameters validationParameters, BaseConfiguration configuration) {"SourceContext":"Microsoft.AspNetCore.Authentication.JwtBearer.JwtBearerEvents","RequestId":"0HNLGAQR4IOIS:00000003","RequestPath":"/","ConnectionId":"0HNLGAQR4IOIS"}
[2026-05-12 12:47:46.300 -06:00 INF] ✅ Response: 404 for GET / - Duration: 19ms {"SourceContext":"back_cabs.CRM.Middleware.MiddlewareManejoErrores","RequestId":"0HNLGAQR4IOIS:00000003","RequestPath":"/","ConnectionId":"0HNLGAQR4IOIS"}
[2026-05-12 12:47:56.368 -06:00 INF] ⏱️ Request: GET /swagger/index.html from ::1 {"SourceContext":"back_cabs.CRM.Middleware.MiddlewareManejoErrores","RequestId":"0HNLGAQR4IOIS:00000004","RequestPath":"/swagger/index.html","ConnectionId":"0HNLGAQR4IOIS"}
[2026-05-12 12:47:56.374 -06:00 ERR] JWT Authentication failed: IDX10223: Lifetime validation failed. The token is expired. ValidTo (UTC): '26/04/2026 12:58:24 a. m.', Current time (UTC): '12/05/2026 06:47:56 p. m.'. {"SourceContext":"Microsoft.AspNetCore.Authentication.JwtBearer.JwtBearerEvents","RequestId":"0HNLGAQR4IOIS:00000004","RequestPath":"/swagger/index.html","ConnectionId":"0HNLGAQR4IOIS"}
[2026-05-12 12:47:56.381 -06:00 ERR] JWT Exception details: Microsoft.IdentityModel.Tokens.SecurityTokenExpiredException: IDX10223: Lifetime validation failed. The token is expired. ValidTo (UTC): '26/04/2026 12:58:24 a. m.', Current time (UTC): '12/05/2026 06:47:56 p. m.'.
   at Microsoft.IdentityModel.Tokens.ValidatorUtilities.ValidateLifetime(Nullable`1 notBefore, Nullable`1 expires, SecurityToken securityToken, TokenValidationParameters validationParameters)
   at Microsoft.IdentityModel.Tokens.Validators.ValidateLifetime(Nullable`1 notBefore, Nullable`1 expires, SecurityToken securityToken, TokenValidationParameters validationParameters)
   at Microsoft.IdentityModel.JsonWebTokens.JsonWebTokenHandler.ValidateTokenPayloadAsync(JsonWebToken jsonWebToken, TokenValidationParameters validationParameters, BaseConfiguration configuration)
   at Microsoft.IdentityModel.JsonWebTokens.JsonWebTokenHandler.ValidateJWSAsync(JsonWebToken jsonWebToken, TokenValidationParameters validationParameters, BaseConfiguration configuration) {"SourceContext":"Microsoft.AspNetCore.Authentication.JwtBearer.JwtBearerEvents","RequestId":"0HNLGAQR4IOIS:00000004","RequestPath":"/swagger/index.html","ConnectionId":"0HNLGAQR4IOIS"}
[2026-05-12 12:47:56.388 -06:00 INF] ✅ Response: 404 for GET /swagger/index.html - Duration: 19ms {"SourceContext":"back_cabs.CRM.Middleware.MiddlewareManejoErrores","RequestId":"0HNLGAQR4IOIS:00000004","RequestPath":"/swagger/index.html","ConnectionId":"0HNLGAQR4IOIS"}
[2026-05-12 12:49:35.146 -06:00 INF] Application is shutting down... {"SourceContext":"Microsoft.Hosting.Lifetime"}
[2026-05-12 12:49:40.732 -06:00 INF] 🚀 CRM API iniciada correctamente {"SourceContext":"back_cabs"}
[2026-05-12 12:49:40.810 -06:00 WRN] The WebRootPath was not found: C:\Users\D\Documents\CABS\Proyectos\Back_SitioWeb\login_service\wwwroot. Static files may be unavailable. {"EventId":{"Id":16,"Name":"WebRootPathNotFound"},"SourceContext":"Microsoft.AspNetCore.StaticFiles.StaticFileMiddleware"}
[2026-05-12 12:49:40.835 -06:00 INF] Now listening on: http://localhost:5000 {"EventId":{"Id":14,"Name":"ListeningOnAddress"},"SourceContext":"Microsoft.Hosting.Lifetime"}
[2026-05-12 12:49:40.839 -06:00 INF] Application started. Press Ctrl+C to shut down. {"SourceContext":"Microsoft.Hosting.Lifetime"}
[2026-05-12 12:49:40.842 -06:00 INF] Hosting environment: Production {"SourceContext":"Microsoft.Hosting.Lifetime"}
[2026-05-12 12:49:40.843 -06:00 INF] Content root path: C:\Users\D\Documents\CABS\Proyectos\Back_SitioWeb\login_service {"SourceContext":"Microsoft.Hosting.Lifetime"}
[2026-05-12 12:49:50.912 -06:00 INF] ⏱️ Request: GET /swagger/index.html from ::1 {"SourceContext":"back_cabs.CRM.Middleware.MiddlewareManejoErrores","RequestId":"0HNLGASVPCE63:00000001","RequestPath":"/swagger/index.html","ConnectionId":"0HNLGASVPCE63"}
[2026-05-12 12:49:51.023 -06:00 ERR] JWT Authentication failed: IDX10223: Lifetime validation failed. The token is expired. ValidTo (UTC): '26/04/2026 12:58:24 a. m.', Current time (UTC): '12/05/2026 06:49:51 p. m.'. {"SourceContext":"Microsoft.AspNetCore.Authentication.JwtBearer.JwtBearerEvents","RequestId":"0HNLGASVPCE63:00000001","RequestPath":"/swagger/index.html","ConnectionId":"0HNLGASVPCE63"}
[2026-05-12 12:49:51.031 -06:00 ERR] JWT Exception details: Microsoft.IdentityModel.Tokens.SecurityTokenExpiredException: IDX10223: Lifetime validation failed. The token is expired. ValidTo (UTC): '26/04/2026 12:58:24 a. m.', Current time (UTC): '12/05/2026 06:49:51 p. m.'.
   at Microsoft.IdentityModel.Tokens.ValidatorUtilities.ValidateLifetime(Nullable`1 notBefore, Nullable`1 expires, SecurityToken securityToken, TokenValidationParameters validationParameters)
   at Microsoft.IdentityModel.Tokens.Validators.ValidateLifetime(Nullable`1 notBefore, Nullable`1 expires, SecurityToken securityToken, TokenValidationParameters validationParameters)
   at Microsoft.IdentityModel.JsonWebTokens.JsonWebTokenHandler.ValidateTokenPayloadAsync(JsonWebToken jsonWebToken, TokenValidationParameters validationParameters, BaseConfiguration configuration)
   at Microsoft.IdentityModel.JsonWebTokens.JsonWebTokenHandler.ValidateJWSAsync(JsonWebToken jsonWebToken, TokenValidationParameters validationParameters, BaseConfiguration configuration) {"SourceContext":"Microsoft.AspNetCore.Authentication.JwtBearer.JwtBearerEvents","RequestId":"0HNLGASVPCE63:00000001","RequestPath":"/swagger/index.html","ConnectionId":"0HNLGASVPCE63"}
[2026-05-12 12:49:51.039 -06:00 INF] ✅ Response: 404 for GET /swagger/index.html - Duration: 136ms {"SourceContext":"back_cabs.CRM.Middleware.MiddlewareManejoErrores","RequestId":"0HNLGASVPCE63:00000001","RequestPath":"/swagger/index.html","ConnectionId":"0HNLGASVPCE63"}
[2026-05-12 12:51:37.651 -06:00 INF] ⏱️ Request: GET /swagger from ::1 {"SourceContext":"back_cabs.CRM.Middleware.MiddlewareManejoErrores","RequestId":"0HNLGASVPCE63:00000002","RequestPath":"/swagger","ConnectionId":"0HNLGASVPCE63"}
[2026-05-12 12:51:37.657 -06:00 ERR] JWT Authentication failed: IDX10223: Lifetime validation failed. The token is expired. ValidTo (UTC): '26/04/2026 12:58:24 a. m.', Current time (UTC): '12/05/2026 06:51:37 p. m.'. {"SourceContext":"Microsoft.AspNetCore.Authentication.JwtBearer.JwtBearerEvents","RequestId":"0HNLGASVPCE63:00000002","RequestPath":"/swagger","ConnectionId":"0HNLGASVPCE63"}
[2026-05-12 12:51:37.661 -06:00 ERR] JWT Exception details: Microsoft.IdentityModel.Tokens.SecurityTokenExpiredException: IDX10223: Lifetime validation failed. The token is expired. ValidTo (UTC): '26/04/2026 12:58:24 a. m.', Current time (UTC): '12/05/2026 06:51:37 p. m.'.
   at Microsoft.IdentityModel.Tokens.ValidatorUtilities.ValidateLifetime(Nullable`1 notBefore, Nullable`1 expires, SecurityToken securityToken, TokenValidationParameters validationParameters)
   at Microsoft.IdentityModel.Tokens.Validators.ValidateLifetime(Nullable`1 notBefore, Nullable`1 expires, SecurityToken securityToken, TokenValidationParameters validationParameters)
   at Microsoft.IdentityModel.JsonWebTokens.JsonWebTokenHandler.ValidateTokenPayloadAsync(JsonWebToken jsonWebToken, TokenValidationParameters validationParameters, BaseConfiguration configuration)
   at Microsoft.IdentityModel.JsonWebTokens.JsonWebTokenHandler.ValidateJWSAsync(JsonWebToken jsonWebToken, TokenValidationParameters validationParameters, BaseConfiguration configuration) {"SourceContext":"Microsoft.AspNetCore.Authentication.JwtBearer.JwtBearerEvents","RequestId":"0HNLGASVPCE63:00000002","RequestPath":"/swagger","ConnectionId":"0HNLGASVPCE63"}
[2026-05-12 12:51:37.668 -06:00 INF] ✅ Response: 404 for GET /swagger - Duration: 16ms {"SourceContext":"back_cabs.CRM.Middleware.MiddlewareManejoErrores","RequestId":"0HNLGASVPCE63:00000002","RequestPath":"/swagger","ConnectionId":"0HNLGASVPCE63"}
[2026-05-12 12:51:57.954 -06:00 INF] ⏱️ Request: GET /swagger/index.html from ::1 {"SourceContext":"back_cabs.CRM.Middleware.MiddlewareManejoErrores","RequestId":"0HNLGASVPCE63:00000003","RequestPath":"/swagger/index.html","ConnectionId":"0HNLGASVPCE63"}
[2026-05-12 12:51:57.962 -06:00 ERR] JWT Authentication failed: IDX10223: Lifetime validation failed. The token is expired. ValidTo (UTC): '26/04/2026 12:58:24 a. m.', Current time (UTC): '12/05/2026 06:51:57 p. m.'. {"SourceContext":"Microsoft.AspNetCore.Authentication.JwtBearer.JwtBearerEvents","RequestId":"0HNLGASVPCE63:00000003","RequestPath":"/swagger/index.html","ConnectionId":"0HNLGASVPCE63"}
[2026-05-12 12:51:57.969 -06:00 ERR] JWT Exception details: Microsoft.IdentityModel.Tokens.SecurityTokenExpiredException: IDX10223: Lifetime validation failed. The token is expired. ValidTo (UTC): '26/04/2026 12:58:24 a. m.', Current time (UTC): '12/05/2026 06:51:57 p. m.'.
   at Microsoft.IdentityModel.Tokens.ValidatorUtilities.ValidateLifetime(Nullable`1 notBefore, Nullable`1 expires, SecurityToken securityToken, TokenValidationParameters validationParameters)
   at Microsoft.IdentityModel.Tokens.Validators.ValidateLifetime(Nullable`1 notBefore, Nullable`1 expires, SecurityToken securityToken, TokenValidationParameters validationParameters)
   at Microsoft.IdentityModel.JsonWebTokens.JsonWebTokenHandler.ValidateTokenPayloadAsync(JsonWebToken jsonWebToken, TokenValidationParameters validationParameters, BaseConfiguration configuration)
   at Microsoft.IdentityModel.JsonWebTokens.JsonWebTokenHandler.ValidateJWSAsync(JsonWebToken jsonWebToken, TokenValidationParameters validationParameters, BaseConfiguration configuration) {"SourceContext":"Microsoft.AspNetCore.Authentication.JwtBearer.JwtBearerEvents","RequestId":"0HNLGASVPCE63:00000003","RequestPath":"/swagger/index.html","ConnectionId":"0HNLGASVPCE63"}
[2026-05-12 12:51:57.973 -06:00 INF] ✅ Response: 404 for GET /swagger/index.html - Duration: 18ms {"SourceContext":"back_cabs.CRM.Middleware.MiddlewareManejoErrores","RequestId":"0HNLGASVPCE63:00000003","RequestPath":"/swagger/index.html","ConnectionId":"0HNLGASVPCE63"}
[2026-05-12 12:52:26.565 -06:00 INF] Application is shutting down... {"SourceContext":"Microsoft.Hosting.Lifetime"}
[2026-05-12 13:28:26.669 -06:00 INF] 🚀 CRM API iniciada correctamente {"SourceContext":"back_cabs"}
[2026-05-12 13:28:26.753 -06:00 WRN] The WebRootPath was not found: C:\Users\D\Documents\CABS\Proyectos\Back_SitioWeb\login_service\wwwroot. Static files may be unavailable. {"EventId":{"Id":16,"Name":"WebRootPathNotFound"},"SourceContext":"Microsoft.AspNetCore.StaticFiles.StaticFileMiddleware"}
[2026-05-12 13:28:26.780 -06:00 INF] Now listening on: http://localhost:5000 {"EventId":{"Id":14,"Name":"ListeningOnAddress"},"SourceContext":"Microsoft.Hosting.Lifetime"}
[2026-05-12 13:28:26.784 -06:00 INF] Application started. Press Ctrl+C to shut down. {"SourceContext":"Microsoft.Hosting.Lifetime"}
[2026-05-12 13:28:26.787 -06:00 INF] Hosting environment: Production {"SourceContext":"Microsoft.Hosting.Lifetime"}
[2026-05-12 13:28:26.789 -06:00 INF] Content root path: C:\Users\D\Documents\CABS\Proyectos\Back_SitioWeb\login_service {"SourceContext":"Microsoft.Hosting.Lifetime"}
[2026-05-12 13:28:32.991 -06:00 INF] ⏱️ Request: GET /swagger/index.html from ::1 {"SourceContext":"back_cabs.CRM.Middleware.MiddlewareManejoErrores","RequestId":"0HNLGBIJQCO4U:00000001","RequestPath":"/swagger/index.html","ConnectionId":"0HNLGBIJQCO4U"}
[2026-05-12 13:28:33.125 -06:00 ERR] JWT Authentication failed: IDX10223: Lifetime validation failed. The token is expired. ValidTo (UTC): '26/04/2026 12:58:24 a. m.', Current time (UTC): '12/05/2026 07:28:33 p. m.'. {"SourceContext":"Microsoft.AspNetCore.Authentication.JwtBearer.JwtBearerEvents","RequestId":"0HNLGBIJQCO4U:00000001","RequestPath":"/swagger/index.html","ConnectionId":"0HNLGBIJQCO4U"}
[2026-05-12 13:28:33.132 -06:00 ERR] JWT Exception details: Microsoft.IdentityModel.Tokens.SecurityTokenExpiredException: IDX10223: Lifetime validation failed. The token is expired. ValidTo (UTC): '26/04/2026 12:58:24 a. m.', Current time (UTC): '12/05/2026 07:28:33 p. m.'.
   at Microsoft.IdentityModel.Tokens.ValidatorUtilities.ValidateLifetime(Nullable`1 notBefore, Nullable`1 expires, SecurityToken securityToken, TokenValidationParameters validationParameters)
   at Microsoft.IdentityModel.Tokens.Validators.ValidateLifetime(Nullable`1 notBefore, Nullable`1 expires, SecurityToken securityToken, TokenValidationParameters validationParameters)
   at Microsoft.IdentityModel.JsonWebTokens.JsonWebTokenHandler.ValidateTokenPayloadAsync(JsonWebToken jsonWebToken, TokenValidationParameters validationParameters, BaseConfiguration configuration)
   at Microsoft.IdentityModel.JsonWebTokens.JsonWebTokenHandler.ValidateJWSAsync(JsonWebToken jsonWebToken, TokenValidationParameters validationParameters, BaseConfiguration configuration) {"SourceContext":"Microsoft.AspNetCore.Authentication.JwtBearer.JwtBearerEvents","RequestId":"0HNLGBIJQCO4U:00000001","RequestPath":"/swagger/index.html","ConnectionId":"0HNLGBIJQCO4U"}
[2026-05-12 13:28:33.144 -06:00 INF] ✅ Response: 404 for GET /swagger/index.html - Duration: 160ms {"SourceContext":"back_cabs.CRM.Middleware.MiddlewareManejoErrores","RequestId":"0HNLGBIJQCO4U:00000001","RequestPath":"/swagger/index.html","ConnectionId":"0HNLGBIJQCO4U"}
[2026-05-12 13:28:39.205 -06:00 INF] ⏱️ Request: GET /health from ::1 {"SourceContext":"back_cabs.CRM.Middleware.MiddlewareManejoErrores","RequestId":"0HNLGBIJQCO4U:00000002","RequestPath":"/health","ConnectionId":"0HNLGBIJQCO4U"}
[2026-05-12 13:28:39.211 -06:00 ERR] JWT Authentication failed: IDX10223: Lifetime validation failed. The token is expired. ValidTo (UTC): '26/04/2026 12:58:24 a. m.', Current time (UTC): '12/05/2026 07:28:39 p. m.'. {"SourceContext":"Microsoft.AspNetCore.Authentication.JwtBearer.JwtBearerEvents","RequestId":"0HNLGBIJQCO4U:00000002","RequestPath":"/health","ConnectionId":"0HNLGBIJQCO4U"}
[2026-05-12 13:28:39.218 -06:00 ERR] JWT Exception details: Microsoft.IdentityModel.Tokens.SecurityTokenExpiredException: IDX10223: Lifetime validation failed. The token is expired. ValidTo (UTC): '26/04/2026 12:58:24 a. m.', Current time (UTC): '12/05/2026 07:28:39 p. m.'.
   at Microsoft.IdentityModel.Tokens.ValidatorUtilities.ValidateLifetime(Nullable`1 notBefore, Nullable`1 expires, SecurityToken securityToken, TokenValidationParameters validationParameters)
   at Microsoft.IdentityModel.Tokens.Validators.ValidateLifetime(Nullable`1 notBefore, Nullable`1 expires, SecurityToken securityToken, TokenValidationParameters validationParameters)
   at Microsoft.IdentityModel.JsonWebTokens.JsonWebTokenHandler.ValidateTokenPayloadAsync(JsonWebToken jsonWebToken, TokenValidationParameters validationParameters, BaseConfiguration configuration)
   at Microsoft.IdentityModel.JsonWebTokens.JsonWebTokenHandler.ValidateJWSAsync(JsonWebToken jsonWebToken, TokenValidationParameters validationParameters, BaseConfiguration configuration) {"SourceContext":"Microsoft.AspNetCore.Authentication.JwtBearer.JwtBearerEvents","RequestId":"0HNLGBIJQCO4U:00000002","RequestPath":"/health","ConnectionId":"0HNLGBIJQCO4U"}
[2026-05-12 13:28:39.619 -06:00 INF] ✅ Response: 200 for GET /health - Duration: 414ms {"SourceContext":"back_cabs.CRM.Middleware.MiddlewareManejoErrores","RequestId":"0HNLGBIJQCO4U:00000002","RequestPath":"/health","ConnectionId":"0HNLGBIJQCO4U"}
[2026-05-12 13:28:39.704 -06:00 INF] ⏱️ Request: GET /favicon.ico from ::1 {"SourceContext":"back_cabs.CRM.Middleware.MiddlewareManejoErrores","RequestId":"0HNLGBIJQCO4U:00000003","RequestPath":"/favicon.ico","ConnectionId":"0HNLGBIJQCO4U"}
[2026-05-12 13:28:39.709 -06:00 ERR] JWT Authentication failed: IDX10223: Lifetime validation failed. The token is expired. ValidTo (UTC): '26/04/2026 12:58:24 a. m.', Current time (UTC): '12/05/2026 07:28:39 p. m.'. {"SourceContext":"Microsoft.AspNetCore.Authentication.JwtBearer.JwtBearerEvents","RequestId":"0HNLGBIJQCO4U:00000003","RequestPath":"/favicon.ico","ConnectionId":"0HNLGBIJQCO4U"}
[2026-05-12 13:28:39.713 -06:00 ERR] JWT Exception details: Microsoft.IdentityModel.Tokens.SecurityTokenExpiredException: IDX10223: Lifetime validation failed. The token is expired. ValidTo (UTC): '26/04/2026 12:58:24 a. m.', Current time (UTC): '12/05/2026 07:28:39 p. m.'.
   at Microsoft.IdentityModel.Tokens.ValidatorUtilities.ValidateLifetime(Nullable`1 notBefore, Nullable`1 expires, SecurityToken securityToken, TokenValidationParameters validationParameters)
   at Microsoft.IdentityModel.Tokens.Validators.ValidateLifetime(Nullable`1 notBefore, Nullable`1 expires, SecurityToken securityToken, TokenValidationParameters validationParameters)
   at Microsoft.IdentityModel.JsonWebTokens.JsonWebTokenHandler.ValidateTokenPayloadAsync(JsonWebToken jsonWebToken, TokenValidationParameters validationParameters, BaseConfiguration configuration)
   at Microsoft.IdentityModel.JsonWebTokens.JsonWebTokenHandler.ValidateJWSAsync(JsonWebToken jsonWebToken, TokenValidationParameters validationParameters, BaseConfiguration configuration) {"SourceContext":"Microsoft.AspNetCore.Authentication.JwtBearer.JwtBearerEvents","RequestId":"0HNLGBIJQCO4U:00000003","RequestPath":"/favicon.ico","ConnectionId":"0HNLGBIJQCO4U"}
[2026-05-12 13:28:39.717 -06:00 INF] ✅ Response: 404 for GET /favicon.ico - Duration: 12ms {"SourceContext":"back_cabs.CRM.Middleware.MiddlewareManejoErrores","RequestId":"0HNLGBIJQCO4U:00000003","RequestPath":"/favicon.ico","ConnectionId":"0HNLGBIJQCO4U"}
[2026-05-12 13:28:48.891 -06:00 INF] ⏱️ Request: GET /swagger from ::1 {"SourceContext":"back_cabs.CRM.Middleware.MiddlewareManejoErrores","RequestId":"0HNLGBIJQCO4U:00000004","RequestPath":"/swagger","ConnectionId":"0HNLGBIJQCO4U"}
[2026-05-12 13:28:48.899 -06:00 ERR] JWT Authentication failed: IDX10223: Lifetime validation failed. The token is expired. ValidTo (UTC): '26/04/2026 12:58:24 a. m.', Current time (UTC): '12/05/2026 07:28:48 p. m.'. {"SourceContext":"Microsoft.AspNetCore.Authentication.JwtBearer.JwtBearerEvents","RequestId":"0HNLGBIJQCO4U:00000004","RequestPath":"/swagger","ConnectionId":"0HNLGBIJQCO4U"}
[2026-05-12 13:28:48.905 -06:00 ERR] JWT Exception details: Microsoft.IdentityModel.Tokens.SecurityTokenExpiredException: IDX10223: Lifetime validation failed. The token is expired. ValidTo (UTC): '26/04/2026 12:58:24 a. m.', Current time (UTC): '12/05/2026 07:28:48 p. m.'.
   at Microsoft.IdentityModel.Tokens.ValidatorUtilities.ValidateLifetime(Nullable`1 notBefore, Nullable`1 expires, SecurityToken securityToken, TokenValidationParameters validationParameters)
   at Microsoft.IdentityModel.Tokens.Validators.ValidateLifetime(Nullable`1 notBefore, Nullable`1 expires, SecurityToken securityToken, TokenValidationParameters validationParameters)
   at Microsoft.IdentityModel.JsonWebTokens.JsonWebTokenHandler.ValidateTokenPayloadAsync(JsonWebToken jsonWebToken, TokenValidationParameters validationParameters, BaseConfiguration configuration)
   at Microsoft.IdentityModel.JsonWebTokens.JsonWebTokenHandler.ValidateJWSAsync(JsonWebToken jsonWebToken, TokenValidationParameters validationParameters, BaseConfiguration configuration) {"SourceContext":"Microsoft.AspNetCore.Authentication.JwtBearer.JwtBearerEvents","RequestId":"0HNLGBIJQCO4U:00000004","RequestPath":"/swagger","ConnectionId":"0HNLGBIJQCO4U"}
[2026-05-12 13:28:48.911 -06:00 INF] ✅ Response: 404 for GET /swagger - Duration: 19ms {"SourceContext":"back_cabs.CRM.Middleware.MiddlewareManejoErrores","RequestId":"0HNLGBIJQCO4U:00000004","RequestPath":"/swagger","ConnectionId":"0HNLGBIJQCO4U"}
[2026-05-12 13:28:57.681 -06:00 INF] Application is shutting down... {"SourceContext":"Microsoft.Hosting.Lifetime"}
[2026-05-12 13:29:02.745 -06:00 INF] 🚀 CRM API iniciada correctamente {"SourceContext":"back_cabs"}
[2026-05-12 13:29:02.820 -06:00 WRN] The WebRootPath was not found: C:\Users\D\Documents\CABS\Proyectos\Back_SitioWeb\login_service\wwwroot. Static files may be unavailable. {"EventId":{"Id":16,"Name":"WebRootPathNotFound"},"SourceContext":"Microsoft.AspNetCore.StaticFiles.StaticFileMiddleware"}
[2026-05-12 13:29:02.843 -06:00 INF] Now listening on: http://localhost:5000 {"EventId":{"Id":14,"Name":"ListeningOnAddress"},"SourceContext":"Microsoft.Hosting.Lifetime"}
[2026-05-12 13:29:02.847 -06:00 INF] Application started. Press Ctrl+C to shut down. {"SourceContext":"Microsoft.Hosting.Lifetime"}
[2026-05-12 13:29:02.849 -06:00 INF] Hosting environment: Production {"SourceContext":"Microsoft.Hosting.Lifetime"}
[2026-05-12 13:29:02.850 -06:00 INF] Content root path: C:\Users\D\Documents\CABS\Proyectos\Back_SitioWeb\login_service {"SourceContext":"Microsoft.Hosting.Lifetime"}
[2026-05-12 13:29:06.713 -06:00 INF] ⏱️ Request: GET /swagger from ::1 {"SourceContext":"back_cabs.CRM.Middleware.MiddlewareManejoErrores","RequestId":"0HNLGBITS57RA:00000001","RequestPath":"/swagger","ConnectionId":"0HNLGBITS57RA"}
[2026-05-12 13:29:06.791 -06:00 ERR] JWT Authentication failed: IDX10223: Lifetime validation failed. The token is expired. ValidTo (UTC): '26/04/2026 12:58:24 a. m.', Current time (UTC): '12/05/2026 07:29:06 p. m.'. {"SourceContext":"Microsoft.AspNetCore.Authentication.JwtBearer.JwtBearerEvents","RequestId":"0HNLGBITS57RA:00000001","RequestPath":"/swagger","ConnectionId":"0HNLGBITS57RA"}
[2026-05-12 13:29:06.798 -06:00 ERR] JWT Exception details: Microsoft.IdentityModel.Tokens.SecurityTokenExpiredException: IDX10223: Lifetime validation failed. The token is expired. ValidTo (UTC): '26/04/2026 12:58:24 a. m.', Current time (UTC): '12/05/2026 07:29:06 p. m.'.
   at Microsoft.IdentityModel.Tokens.ValidatorUtilities.ValidateLifetime(Nullable`1 notBefore, Nullable`1 expires, SecurityToken securityToken, TokenValidationParameters validationParameters)
   at Microsoft.IdentityModel.Tokens.Validators.ValidateLifetime(Nullable`1 notBefore, Nullable`1 expires, SecurityToken securityToken, TokenValidationParameters validationParameters)
   at Microsoft.IdentityModel.JsonWebTokens.JsonWebTokenHandler.ValidateTokenPayloadAsync(JsonWebToken jsonWebToken, TokenValidationParameters validationParameters, BaseConfiguration configuration)
   at Microsoft.IdentityModel.JsonWebTokens.JsonWebTokenHandler.ValidateJWSAsync(JsonWebToken jsonWebToken, TokenValidationParameters validationParameters, BaseConfiguration configuration) {"SourceContext":"Microsoft.AspNetCore.Authentication.JwtBearer.JwtBearerEvents","RequestId":"0HNLGBITS57RA:00000001","RequestPath":"/swagger","ConnectionId":"0HNLGBITS57RA"}
[2026-05-12 13:29:06.807 -06:00 INF] ✅ Response: 404 for GET /swagger - Duration: 98ms {"SourceContext":"back_cabs.CRM.Middleware.MiddlewareManejoErrores","RequestId":"0HNLGBITS57RA:00000001","RequestPath":"/swagger","ConnectionId":"0HNLGBITS57RA"}
[2026-05-12 13:32:05.656 -06:00 INF] Application is shutting down... {"SourceContext":"Microsoft.Hosting.Lifetime"}
[2026-05-12 13:32:36.480 -06:00 INF] 🚀 CRM API iniciada correctamente {"SourceContext":"back_cabs"}
[2026-05-12 13:32:36.608 -06:00 WRN] The WebRootPath was not found: C:\Users\D\Documents\CABS\Proyectos\Back_SitioWeb\login_service\wwwroot. Static files may be unavailable. {"EventId":{"Id":16,"Name":"WebRootPathNotFound"},"SourceContext":"Microsoft.AspNetCore.StaticFiles.StaticFileMiddleware"}
[2026-05-12 13:32:36.637 -06:00 INF] Now listening on: http://localhost:5000 {"EventId":{"Id":14,"Name":"ListeningOnAddress"},"SourceContext":"Microsoft.Hosting.Lifetime"}
[2026-05-12 13:32:36.641 -06:00 INF] Application started. Press Ctrl+C to shut down. {"SourceContext":"Microsoft.Hosting.Lifetime"}
[2026-05-12 13:32:36.643 -06:00 INF] Hosting environment: Production {"SourceContext":"Microsoft.Hosting.Lifetime"}
[2026-05-12 13:32:36.644 -06:00 INF] Content root path: C:\Users\D\Documents\CABS\Proyectos\Back_SitioWeb\login_service {"SourceContext":"Microsoft.Hosting.Lifetime"}
[2026-05-12 13:32:53.491 -06:00 INF] ⏱️ Request: GET /swagger from ::1 {"SourceContext":"back_cabs.CRM.Middleware.MiddlewareManejoErrores","RequestId":"0HNLGBL1EUSGN:00000001","RequestPath":"/swagger","ConnectionId":"0HNLGBL1EUSGN"}
[2026-05-12 13:32:53.570 -06:00 ERR] JWT Authentication failed: IDX10223: Lifetime validation failed. The token is expired. ValidTo (UTC): '26/04/2026 12:58:24 a. m.', Current time (UTC): '12/05/2026 07:32:53 p. m.'. {"SourceContext":"Microsoft.AspNetCore.Authentication.JwtBearer.JwtBearerEvents","RequestId":"0HNLGBL1EUSGN:00000001","RequestPath":"/swagger","ConnectionId":"0HNLGBL1EUSGN"}
[2026-05-12 13:32:53.579 -06:00 ERR] JWT Exception details: Microsoft.IdentityModel.Tokens.SecurityTokenExpiredException: IDX10223: Lifetime validation failed. The token is expired. ValidTo (UTC): '26/04/2026 12:58:24 a. m.', Current time (UTC): '12/05/2026 07:32:53 p. m.'.
   at Microsoft.IdentityModel.Tokens.ValidatorUtilities.ValidateLifetime(Nullable`1 notBefore, Nullable`1 expires, SecurityToken securityToken, TokenValidationParameters validationParameters)
   at Microsoft.IdentityModel.Tokens.Validators.ValidateLifetime(Nullable`1 notBefore, Nullable`1 expires, SecurityToken securityToken, TokenValidationParameters validationParameters)
   at Microsoft.IdentityModel.JsonWebTokens.JsonWebTokenHandler.ValidateTokenPayloadAsync(JsonWebToken jsonWebToken, TokenValidationParameters validationParameters, BaseConfiguration configuration)
   at Microsoft.IdentityModel.JsonWebTokens.JsonWebTokenHandler.ValidateJWSAsync(JsonWebToken jsonWebToken, TokenValidationParameters validationParameters, BaseConfiguration configuration) {"SourceContext":"Microsoft.AspNetCore.Authentication.JwtBearer.JwtBearerEvents","RequestId":"0HNLGBL1EUSGN:00000001","RequestPath":"/swagger","ConnectionId":"0HNLGBL1EUSGN"}
[2026-05-12 13:32:53.587 -06:00 INF] ✅ Response: 404 for GET /swagger - Duration: 102ms {"SourceContext":"back_cabs.CRM.Middleware.MiddlewareManejoErrores","RequestId":"0HNLGBL1EUSGN:00000001","RequestPath":"/swagger","ConnectionId":"0HNLGBL1EUSGN"}
[2026-05-12 13:34:52.293 -06:00 INF] Application is shutting down... {"SourceContext":"Microsoft.Hosting.Lifetime"}
[2026-05-12 13:34:58.592 -06:00 INF] 🚀 CRM API iniciada correctamente {"SourceContext":"back_cabs"}
[2026-05-12 13:34:58.669 -06:00 WRN] The WebRootPath was not found: C:\Users\D\Documents\CABS\Proyectos\Back_SitioWeb\login_service\wwwroot. Static files may be unavailable. {"EventId":{"Id":16,"Name":"WebRootPathNotFound"},"SourceContext":"Microsoft.AspNetCore.StaticFiles.StaticFileMiddleware"}
[2026-05-12 13:34:58.694 -06:00 INF] Now listening on: http://localhost:5000 {"EventId":{"Id":14,"Name":"ListeningOnAddress"},"SourceContext":"Microsoft.Hosting.Lifetime"}
[2026-05-12 13:34:58.698 -06:00 INF] Application started. Press Ctrl+C to shut down. {"SourceContext":"Microsoft.Hosting.Lifetime"}
[2026-05-12 13:34:58.699 -06:00 INF] Hosting environment: Production {"SourceContext":"Microsoft.Hosting.Lifetime"}
[2026-05-12 13:34:58.700 -06:00 INF] Content root path: C:\Users\D\Documents\CABS\Proyectos\Back_SitioWeb\login_service {"SourceContext":"Microsoft.Hosting.Lifetime"}
[2026-05-12 13:37:03.399 -06:00 INF] Application is shutting down... {"SourceContext":"Microsoft.Hosting.Lifetime"}
[2026-05-12 13:37:10.928 -06:00 INF] 🚀 CRM API iniciada correctamente {"SourceContext":"back_cabs"}
[2026-05-12 13:37:11.062 -06:00 WRN] The WebRootPath was not found: C:\Users\D\Documents\CABS\Proyectos\Back_SitioWeb\login_service\wwwroot. Static files may be unavailable. {"EventId":{"Id":16,"Name":"WebRootPathNotFound"},"SourceContext":"Microsoft.AspNetCore.StaticFiles.StaticFileMiddleware"}
[2026-05-12 13:37:11.121 -06:00 INF] Now listening on: http://localhost:5000 {"EventId":{"Id":14,"Name":"ListeningOnAddress"},"SourceContext":"Microsoft.Hosting.Lifetime"}
[2026-05-12 13:37:11.140 -06:00 INF] Application started. Press Ctrl+C to shut down. {"SourceContext":"Microsoft.Hosting.Lifetime"}
[2026-05-12 13:37:11.142 -06:00 INF] Hosting environment: Production {"SourceContext":"Microsoft.Hosting.Lifetime"}
[2026-05-12 13:37:11.144 -06:00 INF] Content root path: C:\Users\D\Documents\CABS\Proyectos\Back_SitioWeb\login_service {"SourceContext":"Microsoft.Hosting.Lifetime"}
[2026-05-12 13:37:26.902 -06:00 INF] ⏱️ Request: GET /swagger from ::1 {"SourceContext":"back_cabs.CRM.Middleware.MiddlewareManejoErrores","RequestId":"0HNLGBNIUDHFB:00000001","RequestPath":"/swagger","ConnectionId":"0HNLGBNIUDHFB"}
[2026-05-12 13:37:26.986 -06:00 ERR] JWT Authentication failed: IDX10223: Lifetime validation failed. The token is expired. ValidTo (UTC): '26/04/2026 12:58:24 a. m.', Current time (UTC): '12/05/2026 07:37:26 p. m.'. {"SourceContext":"Microsoft.AspNetCore.Authentication.JwtBearer.JwtBearerEvents","RequestId":"0HNLGBNIUDHFB:00000001","RequestPath":"/swagger","ConnectionId":"0HNLGBNIUDHFB"}
[2026-05-12 13:37:26.995 -06:00 ERR] JWT Exception details: Microsoft.IdentityModel.Tokens.SecurityTokenExpiredException: IDX10223: Lifetime validation failed. The token is expired. ValidTo (UTC): '26/04/2026 12:58:24 a. m.', Current time (UTC): '12/05/2026 07:37:26 p. m.'.
   at Microsoft.IdentityModel.Tokens.ValidatorUtilities.ValidateLifetime(Nullable`1 notBefore, Nullable`1 expires, SecurityToken securityToken, TokenValidationParameters validationParameters)
   at Microsoft.IdentityModel.Tokens.Validators.ValidateLifetime(Nullable`1 notBefore, Nullable`1 expires, SecurityToken securityToken, TokenValidationParameters validationParameters)
   at Microsoft.IdentityModel.JsonWebTokens.JsonWebTokenHandler.ValidateTokenPayloadAsync(JsonWebToken jsonWebToken, TokenValidationParameters validationParameters, BaseConfiguration configuration)
   at Microsoft.IdentityModel.JsonWebTokens.JsonWebTokenHandler.ValidateJWSAsync(JsonWebToken jsonWebToken, TokenValidationParameters validationParameters, BaseConfiguration configuration) {"SourceContext":"Microsoft.AspNetCore.Authentication.JwtBearer.JwtBearerEvents","RequestId":"0HNLGBNIUDHFB:00000001","RequestPath":"/swagger","ConnectionId":"0HNLGBNIUDHFB"}
[2026-05-12 13:37:27.005 -06:00 INF] ✅ Response: 404 for GET /swagger - Duration: 108ms {"SourceContext":"back_cabs.CRM.Middleware.MiddlewareManejoErrores","RequestId":"0HNLGBNIUDHFB:00000001","RequestPath":"/swagger","ConnectionId":"0HNLGBNIUDHFB"}
[2026-05-12 13:37:42.363 -06:00 INF] ⏱️ Request: GET /swagger/index.js from ::1 {"SourceContext":"back_cabs.CRM.Middleware.MiddlewareManejoErrores","RequestId":"0HNLGBNIUDHFB:00000002","RequestPath":"/swagger/index.js","ConnectionId":"0HNLGBNIUDHFB"}
[2026-05-12 13:37:42.372 -06:00 ERR] JWT Authentication failed: IDX10223: Lifetime validation failed. The token is expired. ValidTo (UTC): '26/04/2026 12:58:24 a. m.', Current time (UTC): '12/05/2026 07:37:42 p. m.'. {"SourceContext":"Microsoft.AspNetCore.Authentication.JwtBearer.JwtBearerEvents","RequestId":"0HNLGBNIUDHFB:00000002","RequestPath":"/swagger/index.js","ConnectionId":"0HNLGBNIUDHFB"}
[2026-05-12 13:37:42.377 -06:00 ERR] JWT Exception details: Microsoft.IdentityModel.Tokens.SecurityTokenExpiredException: IDX10223: Lifetime validation failed. The token is expired. ValidTo (UTC): '26/04/2026 12:58:24 a. m.', Current time (UTC): '12/05/2026 07:37:42 p. m.'.
   at Microsoft.IdentityModel.Tokens.ValidatorUtilities.ValidateLifetime(Nullable`1 notBefore, Nullable`1 expires, SecurityToken securityToken, TokenValidationParameters validationParameters)
   at Microsoft.IdentityModel.Tokens.Validators.ValidateLifetime(Nullable`1 notBefore, Nullable`1 expires, SecurityToken securityToken, TokenValidationParameters validationParameters)
   at Microsoft.IdentityModel.JsonWebTokens.JsonWebTokenHandler.ValidateTokenPayloadAsync(JsonWebToken jsonWebToken, TokenValidationParameters validationParameters, BaseConfiguration configuration)
   at Microsoft.IdentityModel.JsonWebTokens.JsonWebTokenHandler.ValidateJWSAsync(JsonWebToken jsonWebToken, TokenValidationParameters validationParameters, BaseConfiguration configuration) {"SourceContext":"Microsoft.AspNetCore.Authentication.JwtBearer.JwtBearerEvents","RequestId":"0HNLGBNIUDHFB:00000002","RequestPath":"/swagger/index.js","ConnectionId":"0HNLGBNIUDHFB"}
[2026-05-12 13:37:42.381 -06:00 INF] ✅ Response: 404 for GET /swagger/index.js - Duration: 17ms {"SourceContext":"back_cabs.CRM.Middleware.MiddlewareManejoErrores","RequestId":"0HNLGBNIUDHFB:00000002","RequestPath":"/swagger/index.js","ConnectionId":"0HNLGBNIUDHFB"}
[2026-05-12 13:39:04.054 -06:00 INF] Application is shutting down... {"SourceContext":"Microsoft.Hosting.Lifetime"}
[2026-05-12 13:39:14.219 -06:00 INF] 🚀 CRM API iniciada correctamente {"SourceContext":"back_cabs"}
[2026-05-12 13:39:14.295 -06:00 WRN] The WebRootPath was not found: C:\Users\D\Documents\CABS\Proyectos\Back_SitioWeb\login_service\wwwroot. Static files may be unavailable. {"EventId":{"Id":16,"Name":"WebRootPathNotFound"},"SourceContext":"Microsoft.AspNetCore.StaticFiles.StaticFileMiddleware"}
[2026-05-12 13:39:14.318 -06:00 INF] Now listening on: http://localhost:5000 {"EventId":{"Id":14,"Name":"ListeningOnAddress"},"SourceContext":"Microsoft.Hosting.Lifetime"}
[2026-05-12 13:39:14.322 -06:00 INF] Application started. Press Ctrl+C to shut down. {"SourceContext":"Microsoft.Hosting.Lifetime"}
[2026-05-12 13:39:14.323 -06:00 INF] Hosting environment: Production {"SourceContext":"Microsoft.Hosting.Lifetime"}
[2026-05-12 13:39:14.324 -06:00 INF] Content root path: C:\Users\D\Documents\CABS\Proyectos\Back_SitioWeb\login_service {"SourceContext":"Microsoft.Hosting.Lifetime"}
[2026-05-12 13:39:19.102 -06:00 INF] ⏱️ Request: GET /swagger/index.js from ::1 {"SourceContext":"back_cabs.CRM.Middleware.MiddlewareManejoErrores","RequestId":"0HNLGBOKCBKSI:00000001","RequestPath":"/swagger/index.js","ConnectionId":"0HNLGBOKCBKSI"}
[2026-05-12 13:39:19.237 -06:00 ERR] JWT Authentication failed: IDX10223: Lifetime validation failed. The token is expired. ValidTo (UTC): '26/04/2026 12:58:24 a. m.', Current time (UTC): '12/05/2026 07:39:19 p. m.'. {"SourceContext":"Microsoft.AspNetCore.Authentication.JwtBearer.JwtBearerEvents","RequestId":"0HNLGBOKCBKSI:00000001","RequestPath":"/swagger/index.js","ConnectionId":"0HNLGBOKCBKSI"}
[2026-05-12 13:39:19.248 -06:00 ERR] JWT Exception details: Microsoft.IdentityModel.Tokens.SecurityTokenExpiredException: IDX10223: Lifetime validation failed. The token is expired. ValidTo (UTC): '26/04/2026 12:58:24 a. m.', Current time (UTC): '12/05/2026 07:39:19 p. m.'.
   at Microsoft.IdentityModel.Tokens.ValidatorUtilities.ValidateLifetime(Nullable`1 notBefore, Nullable`1 expires, SecurityToken securityToken, TokenValidationParameters validationParameters)
   at Microsoft.IdentityModel.Tokens.Validators.ValidateLifetime(Nullable`1 notBefore, Nullable`1 expires, SecurityToken securityToken, TokenValidationParameters validationParameters)
   at Microsoft.IdentityModel.JsonWebTokens.JsonWebTokenHandler.ValidateTokenPayloadAsync(JsonWebToken jsonWebToken, TokenValidationParameters validationParameters, BaseConfiguration configuration)
   at Microsoft.IdentityModel.JsonWebTokens.JsonWebTokenHandler.ValidateJWSAsync(JsonWebToken jsonWebToken, TokenValidationParameters validationParameters, BaseConfiguration configuration) {"SourceContext":"Microsoft.AspNetCore.Authentication.JwtBearer.JwtBearerEvents","RequestId":"0HNLGBOKCBKSI:00000001","RequestPath":"/swagger/index.js","ConnectionId":"0HNLGBOKCBKSI"}
[2026-05-12 13:39:19.256 -06:00 INF] ✅ Response: 404 for GET /swagger/index.js - Duration: 160ms {"SourceContext":"back_cabs.CRM.Middleware.MiddlewareManejoErrores","RequestId":"0HNLGBOKCBKSI:00000001","RequestPath":"/swagger/index.js","ConnectionId":"0HNLGBOKCBKSI"}
[2026-05-12 13:40:43.345 -06:00 INF] Application is shutting down... {"SourceContext":"Microsoft.Hosting.Lifetime"}
[2026-05-12 13:40:52.082 -06:00 INF] 🚀 CRM API iniciada correctamente {"SourceContext":"back_cabs"}
[2026-05-12 13:40:52.170 -06:00 WRN] The WebRootPath was not found: C:\Users\D\Documents\CABS\Proyectos\Back_SitioWeb\login_service\wwwroot. Static files may be unavailable. {"EventId":{"Id":16,"Name":"WebRootPathNotFound"},"SourceContext":"Microsoft.AspNetCore.StaticFiles.StaticFileMiddleware"}
[2026-05-12 13:40:52.195 -06:00 INF] Now listening on: http://localhost:5000 {"EventId":{"Id":14,"Name":"ListeningOnAddress"},"SourceContext":"Microsoft.Hosting.Lifetime"}
[2026-05-12 13:40:52.199 -06:00 INF] Application started. Press Ctrl+C to shut down. {"SourceContext":"Microsoft.Hosting.Lifetime"}
[2026-05-12 13:40:52.202 -06:00 INF] Hosting environment: Production {"SourceContext":"Microsoft.Hosting.Lifetime"}
[2026-05-12 13:40:52.203 -06:00 INF] Content root path: C:\Users\D\Documents\CABS\Proyectos\Back_SitioWeb\login_service {"SourceContext":"Microsoft.Hosting.Lifetime"}
[2026-05-12 13:40:57.991 -06:00 INF] ⏱️ Request: GET /swagger/ from ::1 {"SourceContext":"back_cabs.CRM.Middleware.MiddlewareManejoErrores","RequestId":"0HNLGBPHRFEBH:00000001","RequestPath":"/swagger/","ConnectionId":"0HNLGBPHRFEBH"}
[2026-05-12 13:40:58.077 -06:00 ERR] JWT Authentication failed: IDX10223: Lifetime validation failed. The token is expired. ValidTo (UTC): '26/04/2026 12:58:24 a. m.', Current time (UTC): '12/05/2026 07:40:58 p. m.'. {"SourceContext":"Microsoft.AspNetCore.Authentication.JwtBearer.JwtBearerEvents","RequestId":"0HNLGBPHRFEBH:00000001","RequestPath":"/swagger/","ConnectionId":"0HNLGBPHRFEBH"}
[2026-05-12 13:40:58.084 -06:00 ERR] JWT Exception details: Microsoft.IdentityModel.Tokens.SecurityTokenExpiredException: IDX10223: Lifetime validation failed. The token is expired. ValidTo (UTC): '26/04/2026 12:58:24 a. m.', Current time (UTC): '12/05/2026 07:40:58 p. m.'.
   at Microsoft.IdentityModel.Tokens.ValidatorUtilities.ValidateLifetime(Nullable`1 notBefore, Nullable`1 expires, SecurityToken securityToken, TokenValidationParameters validationParameters)
   at Microsoft.IdentityModel.Tokens.Validators.ValidateLifetime(Nullable`1 notBefore, Nullable`1 expires, SecurityToken securityToken, TokenValidationParameters validationParameters)
   at Microsoft.IdentityModel.JsonWebTokens.JsonWebTokenHandler.ValidateTokenPayloadAsync(JsonWebToken jsonWebToken, TokenValidationParameters validationParameters, BaseConfiguration configuration)
   at Microsoft.IdentityModel.JsonWebTokens.JsonWebTokenHandler.ValidateJWSAsync(JsonWebToken jsonWebToken, TokenValidationParameters validationParameters, BaseConfiguration configuration) {"SourceContext":"Microsoft.AspNetCore.Authentication.JwtBearer.JwtBearerEvents","RequestId":"0HNLGBPHRFEBH:00000001","RequestPath":"/swagger/","ConnectionId":"0HNLGBPHRFEBH"}
[2026-05-12 13:40:58.090 -06:00 INF] ✅ Response: 404 for GET /swagger/ - Duration: 106ms {"SourceContext":"back_cabs.CRM.Middleware.MiddlewareManejoErrores","RequestId":"0HNLGBPHRFEBH:00000001","RequestPath":"/swagger/","ConnectionId":"0HNLGBPHRFEBH"}
[2026-05-12 13:41:03.682 -06:00 INF] ⏱️ Request: GET /swagger from ::1 {"SourceContext":"back_cabs.CRM.Middleware.MiddlewareManejoErrores","RequestId":"0HNLGBPHRFEBH:00000002","RequestPath":"/swagger","ConnectionId":"0HNLGBPHRFEBH"}
[2026-05-12 13:41:03.688 -06:00 ERR] JWT Authentication failed: IDX10223: Lifetime validation failed. The token is expired. ValidTo (UTC): '26/04/2026 12:58:24 a. m.', Current time (UTC): '12/05/2026 07:41:03 p. m.'. {"SourceContext":"Microsoft.AspNetCore.Authentication.JwtBearer.JwtBearerEvents","RequestId":"0HNLGBPHRFEBH:00000002","RequestPath":"/swagger","ConnectionId":"0HNLGBPHRFEBH"}
[2026-05-12 13:41:03.695 -06:00 ERR] JWT Exception details: Microsoft.IdentityModel.Tokens.SecurityTokenExpiredException: IDX10223: Lifetime validation failed. The token is expired. ValidTo (UTC): '26/04/2026 12:58:24 a. m.', Current time (UTC): '12/05/2026 07:41:03 p. m.'.
   at Microsoft.IdentityModel.Tokens.ValidatorUtilities.ValidateLifetime(Nullable`1 notBefore, Nullable`1 expires, SecurityToken securityToken, TokenValidationParameters validationParameters)
   at Microsoft.IdentityModel.Tokens.Validators.ValidateLifetime(Nullable`1 notBefore, Nullable`1 expires, SecurityToken securityToken, TokenValidationParameters validationParameters)
   at Microsoft.IdentityModel.JsonWebTokens.JsonWebTokenHandler.ValidateTokenPayloadAsync(JsonWebToken jsonWebToken, TokenValidationParameters validationParameters, BaseConfiguration configuration)
   at Microsoft.IdentityModel.JsonWebTokens.JsonWebTokenHandler.ValidateJWSAsync(JsonWebToken jsonWebToken, TokenValidationParameters validationParameters, BaseConfiguration configuration) {"SourceContext":"Microsoft.AspNetCore.Authentication.JwtBearer.JwtBearerEvents","RequestId":"0HNLGBPHRFEBH:00000002","RequestPath":"/swagger","ConnectionId":"0HNLGBPHRFEBH"}
[2026-05-12 13:41:03.699 -06:00 INF] ✅ Response: 404 for GET /swagger - Duration: 17ms {"SourceContext":"back_cabs.CRM.Middleware.MiddlewareManejoErrores","RequestId":"0HNLGBPHRFEBH:00000002","RequestPath":"/swagger","ConnectionId":"0HNLGBPHRFEBH"}
[2026-05-12 13:41:23.510 -06:00 INF] ⏱️ Request: GET /swagger from ::1 {"SourceContext":"back_cabs.CRM.Middleware.MiddlewareManejoErrores","RequestId":"0HNLGBPHRFEBJ:00000001","RequestPath":"/swagger","ConnectionId":"0HNLGBPHRFEBJ"}
[2026-05-12 13:41:23.523 -06:00 WRN] No JWT token received in Authorization header or AuthToken cookie {"SourceContext":"Microsoft.AspNetCore.Authentication.JwtBearer.JwtBearerEvents","RequestId":"0HNLGBPHRFEBJ:00000001","RequestPath":"/swagger","ConnectionId":"0HNLGBPHRFEBJ"}
[2026-05-12 13:41:23.531 -06:00 INF] ✅ Response: 404 for GET /swagger - Duration: 21ms {"SourceContext":"back_cabs.CRM.Middleware.MiddlewareManejoErrores","RequestId":"0HNLGBPHRFEBJ:00000001","RequestPath":"/swagger","ConnectionId":"0HNLGBPHRFEBJ"}
[2026-05-12 13:41:25.847 -06:00 INF] ⏱️ Request: GET /swagger from ::1 {"SourceContext":"back_cabs.CRM.Middleware.MiddlewareManejoErrores","RequestId":"0HNLGBPHRFEBJ:00000002","RequestPath":"/swagger","ConnectionId":"0HNLGBPHRFEBJ"}
[2026-05-12 13:41:25.855 -06:00 WRN] No JWT token received in Authorization header or AuthToken cookie {"SourceContext":"Microsoft.AspNetCore.Authentication.JwtBearer.JwtBearerEvents","RequestId":"0HNLGBPHRFEBJ:00000002","RequestPath":"/swagger","ConnectionId":"0HNLGBPHRFEBJ"}
[2026-05-12 13:41:25.861 -06:00 INF] ✅ Response: 404 for GET /swagger - Duration: 13ms {"SourceContext":"back_cabs.CRM.Middleware.MiddlewareManejoErrores","RequestId":"0HNLGBPHRFEBJ:00000002","RequestPath":"/swagger","ConnectionId":"0HNLGBPHRFEBJ"}
[2026-05-12 13:46:46.848 -06:00 INF] Application is shutting down... {"SourceContext":"Microsoft.Hosting.Lifetime"}
[2026-05-12 13:46:57.194 -06:00 INF] 🚀 CRM API iniciada correctamente {"SourceContext":"back_cabs"}
[2026-05-12 13:46:57.287 -06:00 WRN] The WebRootPath was not found: C:\Users\D\Documents\CABS\Proyectos\Back_SitioWeb\login_service\wwwroot. Static files may be unavailable. {"EventId":{"Id":16,"Name":"WebRootPathNotFound"},"SourceContext":"Microsoft.AspNetCore.StaticFiles.StaticFileMiddleware"}
[2026-05-12 13:46:57.312 -06:00 INF] Now listening on: http://localhost:5000 {"EventId":{"Id":14,"Name":"ListeningOnAddress"},"SourceContext":"Microsoft.Hosting.Lifetime"}
[2026-05-12 13:46:57.315 -06:00 INF] Application started. Press Ctrl+C to shut down. {"SourceContext":"Microsoft.Hosting.Lifetime"}
[2026-05-12 13:46:57.317 -06:00 INF] Hosting environment: Production {"SourceContext":"Microsoft.Hosting.Lifetime"}
[2026-05-12 13:46:57.318 -06:00 INF] Content root path: C:\Users\D\Documents\CABS\Proyectos\Back_SitioWeb\login_service {"SourceContext":"Microsoft.Hosting.Lifetime"}
[2026-05-12 13:47:03.818 -06:00 INF] ⏱️ Request: GET /swagger from ::1 {"SourceContext":"back_cabs.CRM.Middleware.MiddlewareManejoErrores","RequestId":"0HNLGBSUS44D3:00000001","RequestPath":"/swagger","ConnectionId":"0HNLGBSUS44D3"}
[2026-05-12 13:47:03.935 -06:00 ERR] JWT Authentication failed: IDX10223: Lifetime validation failed. The token is expired. ValidTo (UTC): '26/04/2026 12:58:24 a. m.', Current time (UTC): '12/05/2026 07:47:03 p. m.'. {"SourceContext":"Microsoft.AspNetCore.Authentication.JwtBearer.JwtBearerEvents","RequestId":"0HNLGBSUS44D3:00000001","RequestPath":"/swagger","ConnectionId":"0HNLGBSUS44D3"}
[2026-05-12 13:47:03.946 -06:00 ERR] JWT Exception details: Microsoft.IdentityModel.Tokens.SecurityTokenExpiredException: IDX10223: Lifetime validation failed. The token is expired. ValidTo (UTC): '26/04/2026 12:58:24 a. m.', Current time (UTC): '12/05/2026 07:47:03 p. m.'.
   at Microsoft.IdentityModel.Tokens.ValidatorUtilities.ValidateLifetime(Nullable`1 notBefore, Nullable`1 expires, SecurityToken securityToken, TokenValidationParameters validationParameters)
   at Microsoft.IdentityModel.Tokens.Validators.ValidateLifetime(Nullable`1 notBefore, Nullable`1 expires, SecurityToken securityToken, TokenValidationParameters validationParameters)
   at Microsoft.IdentityModel.JsonWebTokens.JsonWebTokenHandler.ValidateTokenPayloadAsync(JsonWebToken jsonWebToken, TokenValidationParameters validationParameters, BaseConfiguration configuration)
   at Microsoft.IdentityModel.JsonWebTokens.JsonWebTokenHandler.ValidateJWSAsync(JsonWebToken jsonWebToken, TokenValidationParameters validationParameters, BaseConfiguration configuration) {"SourceContext":"Microsoft.AspNetCore.Authentication.JwtBearer.JwtBearerEvents","RequestId":"0HNLGBSUS44D3:00000001","RequestPath":"/swagger","ConnectionId":"0HNLGBSUS44D3"}
[2026-05-12 13:47:03.961 -06:00 INF] ✅ Response: 404 for GET /swagger - Duration: 153ms {"SourceContext":"back_cabs.CRM.Middleware.MiddlewareManejoErrores","RequestId":"0HNLGBSUS44D3:00000001","RequestPath":"/swagger","ConnectionId":"0HNLGBSUS44D3"}
[2026-05-12 13:47:13.884 -06:00 INF] Application is shutting down... {"SourceContext":"Microsoft.Hosting.Lifetime"}
[2026-05-12 13:47:31.538 -06:00 INF] 🚀 CRM API iniciada correctamente {"SourceContext":"back_cabs"}
[2026-05-12 13:47:31.617 -06:00 WRN] The WebRootPath was not found: C:\Users\D\Documents\CABS\Proyectos\Back_SitioWeb\login_service\wwwroot. Static files may be unavailable. {"EventId":{"Id":16,"Name":"WebRootPathNotFound"},"SourceContext":"Microsoft.AspNetCore.StaticFiles.StaticFileMiddleware"}
[2026-05-12 13:47:31.638 -06:00 INF] Now listening on: http://localhost:5000 {"EventId":{"Id":14,"Name":"ListeningOnAddress"},"SourceContext":"Microsoft.Hosting.Lifetime"}
[2026-05-12 13:47:31.643 -06:00 INF] Application started. Press Ctrl+C to shut down. {"SourceContext":"Microsoft.Hosting.Lifetime"}
[2026-05-12 13:47:31.645 -06:00 INF] Hosting environment: Production {"SourceContext":"Microsoft.Hosting.Lifetime"}
[2026-05-12 13:47:31.647 -06:00 INF] Content root path: C:\Users\D\Documents\CABS\Proyectos\Back_SitioWeb\login_service {"SourceContext":"Microsoft.Hosting.Lifetime"}
[2026-05-12 13:47:35.648 -06:00 INF] ⏱️ Request: GET /swagger from ::1 {"SourceContext":"back_cabs.CRM.Middleware.MiddlewareManejoErrores","RequestId":"0HNLGBT8BPA2D:00000001","RequestPath":"/swagger","ConnectionId":"0HNLGBT8BPA2D"}
[2026-05-12 13:47:35.785 -06:00 ERR] JWT Authentication failed: IDX10223: Lifetime validation failed. The token is expired. ValidTo (UTC): '26/04/2026 12:58:24 a. m.', Current time (UTC): '12/05/2026 07:47:35 p. m.'. {"SourceContext":"Microsoft.AspNetCore.Authentication.JwtBearer.JwtBearerEvents","RequestId":"0HNLGBT8BPA2D:00000001","RequestPath":"/swagger","ConnectionId":"0HNLGBT8BPA2D"}
[2026-05-12 13:47:35.792 -06:00 ERR] JWT Exception details: Microsoft.IdentityModel.Tokens.SecurityTokenExpiredException: IDX10223: Lifetime validation failed. The token is expired. ValidTo (UTC): '26/04/2026 12:58:24 a. m.', Current time (UTC): '12/05/2026 07:47:35 p. m.'.
   at Microsoft.IdentityModel.Tokens.ValidatorUtilities.ValidateLifetime(Nullable`1 notBefore, Nullable`1 expires, SecurityToken securityToken, TokenValidationParameters validationParameters)
   at Microsoft.IdentityModel.Tokens.Validators.ValidateLifetime(Nullable`1 notBefore, Nullable`1 expires, SecurityToken securityToken, TokenValidationParameters validationParameters)
   at Microsoft.IdentityModel.JsonWebTokens.JsonWebTokenHandler.ValidateTokenPayloadAsync(JsonWebToken jsonWebToken, TokenValidationParameters validationParameters, BaseConfiguration configuration)
   at Microsoft.IdentityModel.JsonWebTokens.JsonWebTokenHandler.ValidateJWSAsync(JsonWebToken jsonWebToken, TokenValidationParameters validationParameters, BaseConfiguration configuration) {"SourceContext":"Microsoft.AspNetCore.Authentication.JwtBearer.JwtBearerEvents","RequestId":"0HNLGBT8BPA2D:00000001","RequestPath":"/swagger","ConnectionId":"0HNLGBT8BPA2D"}
[2026-05-12 13:47:35.803 -06:00 INF] ✅ Response: 404 for GET /swagger - Duration: 161ms {"SourceContext":"back_cabs.CRM.Middleware.MiddlewareManejoErrores","RequestId":"0HNLGBT8BPA2D:00000001","RequestPath":"/swagger","ConnectionId":"0HNLGBT8BPA2D"}
[2026-05-12 13:49:59.945 -06:00 INF] Application is shutting down... {"SourceContext":"Microsoft.Hosting.Lifetime"}
